SF:lib/src/features/testing/domain/testing_models.dart
DA:49,0
DA:50,0
DA:52,0
DA:53,0
DA:54,0
DA:70,0
DA:72,0
DA:73,0
DA:74,0
DA:76,0
DA:79,0
DA:82,0
DA:83,0
DA:84,0
DA:90,1
DA:94,0
DA:96,0
DA:99,1
DA:100,2
DA:102,0
DA:103,0
DA:105,0
DA:107,0
DA:110,1
DA:111,1
DA:112,2
DA:113,3
DA:114,1
LF:28
LH:8
end_of_record
SF:lib/src/features/testing/domain/testing_models.g.dart
DA:9,0
DA:13,0
DA:14,0
DA:24,0
DA:30,0
DA:31,0
LF:6
LH:0
end_of_record
SF:lib/src/features/testing/application/common_testing_service.dart
DA:11,1
DA:17,2
DA:18,2
DA:21,4
DA:22,4
DA:25,3
DA:27,1
DA:28,3
DA:30,1
DA:31,2
DA:32,1
DA:33,2
DA:43,0
DA:51,0
DA:52,0
DA:54,0
DA:59,0
DA:64,0
DA:65,0
DA:70,1
DA:72,2
DA:73,1
LF:22
LH:15
end_of_record
SF:lib/src/features/testing/application/max_testing_service.dart
DA:8,0
DA:10,0
DA:12,0
DA:13,0
DA:14,0
DA:19,0
DA:20,0
DA:23,0
DA:25,0
DA:27,0
DA:28,0
DA:31,0
DA:33,0
DA:34,0
DA:41,0
DA:43,0
DA:44,0
DA:48,0
DA:49,0
DA:51,0
DA:52,0
LF:21
LH:0
end_of_record
SF:lib/src/features/testing/repository/test_results_provider.dart
DA:27,0
DA:29,0
DA:32,0
DA:35,0
DA:36,0
DA:37,0
DA:67,0
DA:69,0
DA:72,0
DA:75,0
DA:76,0
DA:77,0
DA:100,0
DA:102,0
DA:106,0
DA:107,0
LF:16
LH:0
end_of_record
SF:lib/src/features/testing/repository/test_results_provider.g.dart
DA:9,0
DA:13,0
DA:23,0
DA:27,0
DA:37,0
DA:41,0
LF:6
LH:0
end_of_record
